<?xml version="1.0" encoding="UTF-8"?>
<!-- Generated by org.testng.reporters.JUnitReportReporter -->
<testsuite hostname="DESKTOP-SHP5I9E" failures="0" tests="1" name="com.training.TestCases.CreateAccountTest" time="22.999" errors="0" timestamp="11 Aug 2023 03:37:32 GMT">
  <testcase classname="com.training.TestCases.CreateAccountTest" name="AccountReport" time="22.999"/>
</testsuite> <!-- com.training.TestCases.CreateAccountTest -->
