<?xml version="1.0" encoding="UTF-8"?>
<!-- Generated by org.testng.reporters.JUnitReportReporter -->
<testsuite hostname="DESKTOP-SHP5I9E" failures="0" tests="1" name="com.training.TestCases.UserMenuTest" time="34.063" errors="0" timestamp="7 Aug 2023 18:14:55 GMT">
  <testcase classname="com.training.TestCases.UserMenuTest" name="CheckUserMenuDropDown" time="34.063"/>
</testsuite> <!-- com.training.TestCases.UserMenuTest -->
